[    0.000000] Initializing cgroup subsys cpuset
[    0.000000] Initializing cgroup subsys cpu
[    0.000000] Initializing cgroup subsys cpuacct
[    0.000000] Linux version 4.4.0-210-generic (buildd@lgw01-amd64-009) (gcc version 5.4.0 20160609 (Ubuntu 5.4.0-6ubuntu1~16.04.12) ) #242-Ubuntu SMP Fri Apr 16 09:57:56 UTC 2021 (Ubuntu 4.4.0-210.242-generic 4.4.262)
[    0.000000] Command line: BOOT_IMAGE=/boot/vmlinuz-4.4.0-210-generic root=LABEL=cloudimg-rootfs ro console=tty1 console=ttyS0
[    0.000000] KERNEL supported cpus:
[    0.000000]   Intel GenuineIntel
[    0.000000]   AMD AuthenticAMD
[    0.000000]   Centaur CentaurHauls
[    0.000000] x86/fpu: xstate_offset[2]:  576, xstate_sizes[2]:  256
[    0.000000] x86/fpu: Supporting XSAVE feature 0x01: 'x87 floating point registers'
[    0.000000] x86/fpu: Supporting XSAVE feature 0x02: 'SSE registers'
[    0.000000] x86/fpu: Supporting XSAVE feature 0x04: 'AVX registers'
[    0.000000] x86/fpu: Enabled xstate features 0x7, context size is 832 bytes, using 'standard' format.
[    0.000000] e820: BIOS-provided physical RAM map:
[    0.000000] BIOS-e820: [mem 0x0000000000000000-0x000000000009fbff] usable
[    0.000000] BIOS-e820: [mem 0x000000000009fc00-0x000000000009ffff] reserved
[    0.000000] BIOS-e820: [mem 0x00000000000f0000-0x00000000000fffff] reserved
[    0.000000] BIOS-e820: [mem 0x0000000000100000-0x000000001ffeffff] usable
[    0.000000] BIOS-e820: [mem 0x000000001fff0000-0x000000001fffffff] ACPI data
[    0.000000] BIOS-e820: [mem 0x00000000fec00000-0x00000000fec00fff] reserved
[    0.000000] BIOS-e820: [mem 0x00000000fee00000-0x00000000fee00fff] reserved
[    0.000000] BIOS-e820: [mem 0x00000000fffc0000-0x00000000ffffffff] reserved
[    0.000000] NX (Execute Disable) protection: active
[    0.000000] SMBIOS 2.5 present.
[    0.000000] Hypervisor detected: KVM
[    0.000000] e820: last_pfn = 0x1fff0 max_arch_pfn = 0x400000000
[    0.000000] MTRR: Disabled
[    0.000000] x86/PAT: MTRRs disabled, skipping PAT initialization too.
[    0.000000] CPU MTRRs all blank - virtualized system.
[    0.000000] x86/PAT: Configuration [0-7]: WB  WT  UC- UC  WB  WT  UC- UC  
[    0.000000] found SMP MP-table at [mem 0x0009fff0-0x0009ffff] mapped at [ffff88000009fff0]
[    0.000000] Scanning 1 areas for low memory corruption
[    0.000000] RAMDISK: [mem 0x1e8de000-0x1f767fff]
[    0.000000] ACPI: Early table checksum verification disabled
[    0.000000] ACPI: RSDP 0x00000000000E0000 000024 (v02 VBOX  )
[    0.000000] ACPI: XSDT 0x000000001FFF0030 00003C (v01 VBOX   VBOXXSDT 00000001 ASL  00000061)
[    0.000000] ACPI: FACP 0x000000001FFF00F0 0000F4 (v04 VBOX   VBOXFACP 00000001 ASL  00000061)
[    0.000000] ACPI: DSDT 0x000000001FFF0470 002325 (v02 VBOX   VBOXBIOS 00000002 INTL 20190509)
[    0.000000] ACPI: FACS 0x000000001FFF0200 000040
[    0.000000] ACPI: FACS 0x000000001FFF0200 000040
[    0.000000] ACPI: APIC 0x000000001FFF0240 00005C (v02 VBOX   VBOXAPIC 00000001 ASL  00000061)
[    0.000000] ACPI: SSDT 0x000000001FFF02A0 0001CC (v01 VBOX   VBOXCPUT 00000002 INTL 20190509)
[    0.000000] No NUMA configuration found
[    0.000000] Faking a node at [mem 0x0000000000000000-0x000000001ffeffff]
[    0.000000] NODE_DATA(0) allocated [mem 0x1ffeb000-0x1ffeffff]
[    0.000000] kvm-clock: Using msrs 4b564d01 and 4b564d00
[    0.000000] kvm-clock: cpu 0, msr 0:1ffe3001, primary cpu clock
[    0.000000] kvm-clock: using sched offset of 3036770513 cycles
[    0.000000] clocksource: kvm-clock: mask: 0xffffffffffffffff max_cycles: 0x1cd42e4dffb, max_idle_ns: 881590591483 ns
[    0.000000] Zone ranges:
[    0.000000]   DMA      [mem 0x0000000000001000-0x0000000000ffffff]
[    0.000000]   DMA32    [mem 0x0000000001000000-0x000000001ffeffff]
[    0.000000]   Normal   empty
[    0.000000]   Device   empty
[    0.000000] Movable zone start for each node
[    0.000000] Early memory node ranges
[    0.000000]   node   0: [mem 0x0000000000001000-0x000000000009efff]
[    0.000000]   node   0: [mem 0x0000000000100000-0x000000001ffeffff]
[    0.000000] Initmem setup node 0 [mem 0x0000000000001000-0x000000001ffeffff]
[    0.000000] ACPI: PM-Timer IO Port: 0x4008
[    0.000000] IOAPIC[0]: apic_id 2, version 32, address 0xfec00000, GSI 0-23
[    0.000000] ACPI: INT_SRC_OVR (bus 0 bus_irq 0 global_irq 2 dfl dfl)
[    0.000000] ACPI: INT_SRC_OVR (bus 0 bus_irq 9 global_irq 9 low level)
[    0.000000] Using ACPI (MADT) for SMP configuration information
[    0.000000] smpboot: Allowing 2 CPUs, 0 hotplug CPUs
[    0.000000] PM: Registered nosave memory: [mem 0x00000000-0x00000fff]
[    0.000000] PM: Registered nosave memory: [mem 0x0009f000-0x0009ffff]
[    0.000000] PM: Registered nosave memory: [mem 0x000a0000-0x000effff]
[    0.000000] PM: Registered nosave memory: [mem 0x000f0000-0x000fffff]
[    0.000000] e820: [mem 0x20000000-0xfebfffff] available for PCI devices
[    0.000000] Booting paravirtualized kernel on KVM
[    0.000000] clocksource: refined-jiffies: mask: 0xffffffff max_cycles: 0xffffffff, max_idle_ns: 7645519600211568 ns
[    0.000000] setup_percpu: NR_CPUS:512 nr_cpumask_bits:512 nr_cpu_ids:2 nr_node_ids:1
[    0.000000] PERCPU: Embedded 33 pages/cpu @ffff88001fc00000 s95192 r8192 d31784 u1048576
[    0.000000] Built 1 zonelists in Node order, mobility grouping on.  Total pages: 128888
[    0.000000] Policy zone: DMA32
[    0.000000] Kernel command line: BOOT_IMAGE=/boot/vmlinuz-4.4.0-210-generic root=LABEL=cloudimg-rootfs ro console=tty1 console=ttyS0
[    0.000000] PID hash table entries: 2048 (order: 2, 16384 bytes)
[    0.000000] Memory: 481712K/523832K available (8644K kernel code, 1332K rwdata, 4044K rodata, 1492K init, 1164K bss, 42120K reserved, 0K cma-reserved)
[    0.000000] SLUB: HWalign=64, Order=0-3, MinObjects=0, CPUs=2, Nodes=1
[    0.000000] Kernel/User page tables isolation: enabled
[    0.000000] Hierarchical RCU implementation.
[    0.000000] 	Build-time adjustment of leaf fanout to 64.
[    0.000000] 	RCU restricting CPUs from NR_CPUS=512 to nr_cpu_ids=2.
[    0.000000] RCU: Adjusting geometry for rcu_fanout_leaf=64, nr_cpu_ids=2
[    0.000000] NR_IRQS:33024 nr_irqs:440 16
[    0.000000] Console: colour VGA+ 80x25
[    0.000000] console [tty1] enabled
[    0.000000] console [ttyS0] enabled
[    0.000000] tsc: Detected 2111.998 MHz processor
[    0.105834] Calibrating delay loop (skipped) preset value.. 4223.99 BogoMIPS (lpj=8447992)
[    0.107521] pid_max: default: 32768 minimum: 301
[    0.108224] ACPI: Core revision 20150930
[    0.109427] ACPI: 2 ACPI AML tables successfully acquired and loaded
[    0.110687] Security Framework initialized
[    0.111326] Yama: becoming mindful.
[    0.111918] AppArmor: AppArmor initialized
[    0.112674] Dentry cache hash table entries: 65536 (order: 7, 524288 bytes)
[    0.113788] Inode-cache hash table entries: 32768 (order: 6, 262144 bytes)
[    0.114745] Mount-cache hash table entries: 1024 (order: 1, 8192 bytes)
[    0.115681] Mountpoint-cache hash table entries: 1024 (order: 1, 8192 bytes)
[    0.116737] Initializing cgroup subsys io
[    0.117425] Initializing cgroup subsys memory
[    0.118109] Initializing cgroup subsys devices
[    0.118825] Initializing cgroup subsys freezer
[    0.119654] Initializing cgroup subsys net_cls
[    0.120355] Initializing cgroup subsys perf_event
[    0.121091] Initializing cgroup subsys net_prio
[    0.121840] Initializing cgroup subsys hugetlb
[    0.122562] Initializing cgroup subsys pids
[    0.126052] mce: CPU supports 0 MCE banks
[    0.126745] Last level iTLB entries: 4KB 0, 2MB 0, 4MB 0
[    0.127516] Last level dTLB entries: 4KB 0, 2MB 0, 4MB 0, 1GB 0
[    0.128392] Spectre V1 : Mitigation: usercopy/swapgs barriers and __user pointer sanitization
[    0.129962] Spectre V2 : Mitigation: Full generic retpoline
[    0.131073] Spectre V2 : Spectre v2 / SpectreRSB mitigation: Filling RSB on context switch
[    0.132365] Speculative Store Bypass: Vulnerable
[    0.133281] MDS: Mitigation: Clear CPU buffers
[    0.136579] Freeing SMP alternatives memory: 36K
[    0.143668] ftrace: allocating 32380 entries in 127 pages
[    0.196366] smpboot: APIC(0) Converting physical 0 to logical package 0
[    0.197843] smpboot: Max logical packages: 1
[    0.200173] x2apic enabled
[    0.202143] Switched APIC routing to physical x2apic.
[    0.204526] ..TIMER: vector=0x30 apic1=0 pin1=2 apic2=-1 pin2=-1
[    0.313603] APIC calibration not consistent with PM-Timer: 96ms instead of 100ms
[    0.315380] APIC delta adjusted to PM-Timer: 6250355 (6029260)
[    0.316290] smpboot: CPU0: 12th Gen Intel(R) Core(TM) i5-1250P (family: 0x6, model: 0x9a, stepping: 0x3)
[    0.317846] Performance Events: unsupported p6 CPU model 154 no PMU driver, software events only.
[    0.329572] KVM setup paravirtual spinlock
[    0.331015] x86: Booting SMP configuration:
[    0.332029] .... node  #0, CPUs:      #1
[    0.332834] kvm-clock: cpu 1, msr 0:1ffe3041, secondary cpu clock
[    0.338136] mce: CPU supports 0 MCE banks
[    0.341139] x86: Booted up 1 node, 2 CPUs
[    0.342368] smpboot: Total of 2 processors activated (8447.99 BogoMIPS)
[    0.345461] devtmpfs: initialized
[    0.346990] evm: security.selinux
[    0.347816] evm: security.SMACK64
[    0.348446] evm: security.SMACK64EXEC
[    0.349181] evm: security.SMACK64TRANSMUTE
[    0.349950] evm: security.SMACK64MMAP
[    0.350907] evm: security.ima
[    0.351782] evm: security.capability
[    0.352987] clocksource: jiffies: mask: 0xffffffff max_cycles: 0xffffffff, max_idle_ns: 7645041785100000 ns
[    0.354842] futex hash table entries: 512 (order: 3, 32768 bytes)
[    0.356484] pinctrl core: initialized pinctrl subsystem
[    0.357795] RTC time: 18:26:38, date: 04/29/23
[    0.358973] NET: Registered protocol family 16
[    0.369019] cpuidle: using governor ladder
[    0.381065] cpuidle: using governor menu
[    0.382980] PCCT header not found.
[    0.383842] ACPI: bus type PCI registered
[    0.384721] acpiphp: ACPI Hot Plug PCI Controller Driver version: 0.5
[    0.386081] PCI: Using configuration type 1 for base access
[    0.401319] ACPI: Added _OSI(Module Device)
[    0.402010] ACPI: Added _OSI(Processor Device)
[    0.402700] ACPI: Added _OSI(3.0 _SCP Extensions)
[    0.403395] ACPI: Added _OSI(Processor Aggregator Device)
[    0.404672] ACPI: Executed 1 blocks of module-level executable AML code
[    0.406985] ACPI: Interpreter enabled
[    0.407685] ACPI: (supports S0 S5)
[    0.408439] ACPI: Using IOAPIC for interrupt routing
[    0.409522] PCI: Using host bridge windows from ACPI; if necessary, use "pci=nocrs" and report a bug
[    0.413289] ACPI: PCI Root Bridge [PCI0] (domain 0000 [bus 00-ff])
[    0.414231] acpi PNP0A03:00: _OSC: OS supports [ASPM ClockPM Segments MSI]
[    0.415345] acpi PNP0A03:00: _OSC: not requesting OS control; OS requires [ExtendedConfig ASPM ClockPM MSI]
[    0.417023] acpi PNP0A03:00: fail to add MMCONFIG information, can't access extended PCI configuration space under this bridge.
[    0.418929] PCI host bridge to bus 0000:00
[    0.419691] pci_bus 0000:00: root bus resource [io  0x0000-0x0cf7 window]
[    0.420725] pci_bus 0000:00: root bus resource [io  0x0d00-0xffff window]
[    0.421855] pci_bus 0000:00: root bus resource [mem 0x000a0000-0x000bffff window]
[    0.424160] pci_bus 0000:00: root bus resource [mem 0x20000000-0xfdffffff window]
[    0.426234] pci_bus 0000:00: root bus resource [bus 00-ff]
[    0.428485] pci 0000:00:01.1: legacy IDE quirk: reg 0x10: [io  0x01f0-0x01f7]
[    0.438125] pci 0000:00:01.1: legacy IDE quirk: reg 0x14: [io  0x03f6]
[    0.439294] pci 0000:00:01.1: legacy IDE quirk: reg 0x18: [io  0x0170-0x0177]
[    0.440630] pci 0000:00:01.1: legacy IDE quirk: reg 0x1c: [io  0x0376]
[    0.453458] pci 0000:00:07.0: quirk: [io  0x4000-0x403f] claimed by PIIX4 ACPI
[    0.455034] pci 0000:00:07.0: quirk: [io  0x4100-0x410f] claimed by PIIX4 SMB
[    0.459924] ACPI: PCI Interrupt Link [LNKA] (IRQs 5 9 10 *11)
[    0.461315] ACPI: PCI Interrupt Link [LNKB] (IRQs 5 9 *10 11)
[    0.462702] ACPI: PCI Interrupt Link [LNKC] (IRQs 5 *9 10 11)
[    0.463883] ACPI: PCI Interrupt Link [LNKD] (IRQs 5 9 10 *11)
[    0.465330] ACPI: Enabled 2 GPEs in block 00 to 07
[    0.466814] vgaarb: setting as boot device: PCI:0000:00:02.0
[    0.467915] vgaarb: device added: PCI:0000:00:02.0,decodes=io+mem,owns=io+mem,locks=none
[    0.469338] vgaarb: loaded
[    0.469987] vgaarb: bridge control possible 0000:00:02.0
[    0.471310] SCSI subsystem initialized
[    0.472202] ACPI: bus type USB registered
[    0.472882] usbcore: registered new interface driver usbfs
[    0.473755] usbcore: registered new interface driver hub
[    0.474569] usbcore: registered new device driver usb
[    0.475509] PCI: Using ACPI for IRQ routing
[    0.476394] NetLabel: Initializing
[    0.477073] NetLabel:  domain hash size = 128
[    0.477796] NetLabel:  protocols = UNLABELED CIPSOv4
[    0.478642] NetLabel:  unlabeled traffic allowed by default
[    0.479819] amd_nb: Cannot enumerate AMD northbridges
[    0.481096] clocksource: Switched to clocksource kvm-clock
[    0.485949] AppArmor: AppArmor Filesystem Enabled
[    0.487402] pnp: PnP ACPI init
[    0.489166] pnp: PnP ACPI: found 3 devices
[    0.498365] clocksource: acpi_pm: mask: 0xffffff max_cycles: 0xffffff, max_idle_ns: 2085701024 ns
[    0.499836] NET: Registered protocol family 2
[    0.500678] TCP established hash table entries: 4096 (order: 3, 32768 bytes)
[    0.502133] TCP bind hash table entries: 4096 (order: 4, 65536 bytes)
[    0.503051] TCP: Hash tables configured (established 4096 bind 4096)
[    0.504034] UDP hash table entries: 256 (order: 1, 8192 bytes)
[    0.504971] UDP-Lite hash table entries: 256 (order: 1, 8192 bytes)
[    0.506149] NET: Registered protocol family 1
[    0.506911] pci 0000:00:00.0: Limiting direct PCI/PCI transfers
[    0.508528] pci 0000:00:01.0: Activating ISA DMA hang workarounds
[    0.510133] Unpacking initramfs...
[    0.682228] Freeing initrd memory: 14888K
[    0.683585] clocksource: tsc: mask: 0xffffffffffffffff max_cycles: 0x1e71768ef8b, max_idle_ns: 440795218977 ns
[    0.685039] platform rtc_cmos: registered platform RTC device (no PNP device found)
[    0.686275] Scanning for low memory corruption every 60 seconds
[    0.687369] audit: initializing netlink subsys (disabled)
[    0.688150] audit: type=2000 audit(1682792802.737:1): initialized
[    0.689166] Initialise system trusted keyring
[    0.690503] HugeTLB registered 2 MB page size, pre-allocated 0 pages
[    0.692088] zbud: loaded
[    0.692831] VFS: Disk quotas dquot_6.6.0
[    0.693496] VFS: Dquot-cache hash table entries: 512 (order 0, 4096 bytes)
[    0.694548] squashfs: version 4.0 (2009/01/31) Phillip Lougher
[    0.695510] fuse init (API version 7.23)
[    0.696383] Key type big_key registered
[    0.697503] Allocating IMA MOK and blacklist keyrings.
[    0.698923] Key type asymmetric registered
[    0.699552] Asymmetric key parser 'x509' registered
[    0.700278] Block layer SCSI generic (bsg) driver version 0.4 loaded (major 249)
[    0.701489] io scheduler noop registered
[    0.702102] io scheduler deadline registered (default)
[    0.702852] io scheduler cfq registered
[    0.704282] pci_hotplug: PCI Hot Plug PCI Core version: 0.5
[    0.705063] pciehp: PCI Express Hot Plug Controller Driver version: 0.4
[    0.706075] ACPI: AC Adapter [AC] (on-line)
[    0.706858] input: Power Button as /devices/LNXSYSTM:00/LNXPWRBN:00/input/input0
[    0.708012] ACPI: Power Button [PWRF]
[    0.708633] input: Sleep Button as /devices/LNXSYSTM:00/LNXSLPBN:00/input/input1
[    0.709777] ACPI: Sleep Button [SLPF]
[    0.710872] ACPI: Battery Slot [BAT0] (battery present)
[    0.711633] GHES: HEST is not enabled!
[    0.712539] virtio-pci 0000:00:08.0: virtio_pci: leaving for legacy driver
[    0.713630] Serial: 8250/16550 driver, 32 ports, IRQ sharing enabled
[    0.734962] 00:02: ttyS0 at I/O 0x3f8 (irq = 4, base_baud = 115200) is a 16550A
[    0.736654] Linux agpgart interface v0.103
[    0.738209] loop: module loaded
[    0.739112] scsi host0: ata_piix
[    0.739679] scsi host1: ata_piix
[    0.740258] ata1: PATA max UDMA/33 cmd 0x1f0 ctl 0x3f6 bmdma 0xd000 irq 14
[    0.741194] ata2: PATA max UDMA/33 cmd 0x170 ctl 0x376 bmdma 0xd008 irq 15
[    0.742264] libphy: Fixed MDIO Bus: probed
[    0.743081] tun: Universal TUN/TAP device driver, 1.6
[    0.743852] tun: (C) 1999-2004 Max Krasnyansky <maxk@qualcomm.com>
[    0.744969] PPP generic driver version 2.4.2
[    0.745710] ehci_hcd: USB 2.0 'Enhanced' Host Controller (EHCI) Driver
[    0.746621] ehci-pci: EHCI PCI platform driver
[    0.747298] ehci-platform: EHCI generic platform driver
[    0.748081] ohci_hcd: USB 1.1 'Open' Host Controller (OHCI) Driver
[    0.748978] ohci-pci: OHCI PCI platform driver
[    0.749668] ohci-platform: OHCI generic platform driver
[    0.750455] uhci_hcd: USB Universal Host Controller Interface driver
[    0.751394] i8042: PNP: PS/2 Controller [PNP0303:PS2K,PNP0f03:PS2M] at 0x60,0x64 irq 1,12
[    0.753064] serio: i8042 KBD port at 0x60,0x64 irq 1
[    0.753815] serio: i8042 AUX port at 0x60,0x64 irq 12
[    0.754648] mousedev: PS/2 mouse device common for all mice
[    0.755746] rtc_cmos rtc_cmos: rtc core: registered rtc_cmos as rtc0
[    0.756717] rtc_cmos rtc_cmos: alarms up to one day, 114 bytes nvram
[    0.757678] input: AT Translated Set 2 keyboard as /devices/platform/i8042/serio0/input/input2
[    0.759039] i2c /dev entries driver
[    0.759768] device-mapper: uevent: version 1.0.3
[    0.760492] device-mapper: ioctl: 4.34.0-ioctl (2015-10-28) initialised: dm-devel@redhat.com
[    0.761805] ledtrig-cpu: registered to indicate activity on CPUs
[    0.763184] NET: Registered protocol family 10
[    0.764215] NET: Registered protocol family 17
[    0.765055] Key type dns_resolver registered
[    0.766031] registered taskstats version 1
[    0.766740] Loading compiled-in X.509 certificates
[    0.767742] Loaded X.509 cert 'Build time autogenerated kernel key: cf00e047681d67edb2720680708b7d9498083038'
[    0.769251] zswap: loaded using pool lzo/zbud
[    0.771987] Key type trusted registered
[    0.776388] Key type encrypted registered
[    0.777852] AppArmor: AppArmor sha1 policy hashing enabled
[    0.778695] ima: No TPM chip found, activating TPM-bypass!
[    0.779471] ima: Allocated hash algorithm: sha1
[    0.780297] evm: HMAC attrs: 0x1
[    0.781425]   Magic number: 3:452:444
[    0.782175] rtc_cmos rtc_cmos: setting system clock to 2023-04-29 18:26:38 UTC (1682792798)
[    0.783487] BIOS EDD facility v0.16 2004-Jun-25, 0 devices found
[    0.784311] EDD information not available.
[    0.925321] Freeing unused kernel memory: 1492K
[    0.927974] Write protecting the kernel read-only data: 14336k
[    0.931920] Freeing unused kernel memory: 1584K
[    0.934762] Freeing unused kernel memory: 52K
Loading, please wait...
starting version 229
[    0.957052] random: systemd-udevd: uninitialized urandom read (16 bytes read, 2 bits of entropy available)
[    0.957949] random: udevadm: uninitialized urandom read (16 bytes read, 2 bits of entropy available)
[    0.957974] random: udevadm: uninitialized urandom read (16 bytes read, 2 bits of entropy available)
[    0.969475] random: udevadm: uninitialized urandom read (16 bytes read, 2 bits of entropy available)
[    0.969544] random: udevadm: uninitialized urandom read (16 bytes read, 2 bits of entropy available)
[    0.969732] random: udevadm: uninitialized urandom read (16 bytes read, 2 bits of entropy available)
[    0.969797] random: udevadm: uninitialized urandom read (16 bytes read, 2 bits of entropy available)
[    0.969865] random: udevadm: uninitialized urandom read (16 bytes read, 2 bits of entropy available)
[    0.970033] random: udevadm: uninitialized urandom read (16 bytes read, 2 bits of entropy available)
[    0.970097] random: udevadm: uninitialized urandom read (16 bytes read, 2 bits of entropy available)
[    1.003143] virtio_net virtio0 enp0s8: renamed from eth0
[    1.005341] Fusion MPT base driver 3.04.20
[    1.006004] Copyright (c) 1999-2008 LSI Corporation
[    1.010757] e1000: Intel(R) PRO/1000 Network Driver - version 7.3.21-k8-NAPI
[    1.011764] e1000: Copyright (c) 1999-2006 Intel Corporation.
[    1.013446] Fusion MPT SPI Host driver 3.04.20
[    1.015888] AVX2 version of gcm_enc/dec engaged.
[    1.016597] AES CTR mode by8 optimization enabled
[    1.211185] input: ImExPS/2 Generic Explorer Mouse as /devices/platform/i8042/serio1/input/input4
[    1.356777] e1000 0000:00:03.0 eth0: (PCI:33MHz:32-bit) 02:be:82:6b:cc:1d
[    1.358554] e1000 0000:00:03.0 eth0: Intel(R) PRO/1000 Network Connection
[    1.362164] mptbase: ioc0: Initiating bringup
[    1.364132] e1000 0000:00:03.0 enp0s3: renamed from eth0
[    1.430009] ioc0: LSI53C1030 A0: Capabilities={Initiator}
[    1.599473] scsi host2: ioc0: LSI53C1030 A0, FwRev=00000000h, Ports=1, MaxQ=256, IRQ=20
[    1.713782] scsi 2:0:0:0: Direct-Access     VBOX     HARDDISK         1.0  PQ: 0 ANSI: 5
[    1.716806] scsi target2:0:0: Beginning Domain Validation
[    1.719827] scsi target2:0:0: Domain Validation skipping write tests
[    1.721599] scsi target2:0:0: Ending Domain Validation
[    1.723176] scsi target2:0:0: asynchronous
[    1.724915] scsi 2:0:1:0: Direct-Access     VBOX     HARDDISK         1.0  PQ: 0 ANSI: 5
[    1.737141] scsi target2:0:1: Beginning Domain Validation
[    1.739232] scsi target2:0:1: Domain Validation skipping write tests
[    1.740217] scsi target2:0:1: Ending Domain Validation
[    1.741401] scsi target2:0:1: asynchronous
[    1.746945] sd 2:0:0:0: Attached scsi generic sg0 type 0
[    1.748497] sd 2:0:1:0: Attached scsi generic sg1 type 0
[    1.748702] sd 2:0:0:0: [sda] 83886080 512-byte logical blocks: (42.9 GB/40.0 GiB)
[    1.749656] sd 2:0:1:0: [sdb] 20480 512-byte logical blocks: (10.5 MB/10.0 MiB)
[    1.752542] sd 2:0:1:0: [sdb] Write Protect is off
[    1.754157] sd 2:0:0:0: [sda] Write Protect is off
[    1.755855] sd 2:0:1:0: [sdb] Incomplete mode parameter data
[    1.757444] sd 2:0:1:0: [sdb] Assuming drive cache: write through
[    1.759381] sd 2:0:0:0: [sda] Incomplete mode parameter data
[    1.761102] sd 2:0:0:0: [sda] Assuming drive cache: write through
[    1.762384] sd 2:0:1:0: [sdb] Attached SCSI disk
[    1.765585]  sda: sda1
[    1.767283] sd 2:0:0:0: [sda] Attached SCSI disk
Begin: Loading essential drivers ... [    3.062232] md: linear personality registered for level -1
[    3.068558] md: multipath personality registered for level -4
[    3.072152] md: raid0 personality registered for level 0
[    3.082267] md: raid1 personality registered for level 1
[    3.161143] raid6: sse2x1   gen() 14833 MB/s
[    3.229124] raid6: sse2x1   xor() 10937 MB/s
[    3.297210] raid6: sse2x2   gen() 20943 MB/s
[    3.365222] raid6: sse2x2   xor() 15760 MB/s
[    3.433176] raid6: sse2x4   gen() 25299 MB/s
[    3.501227] raid6: sse2x4   xor() 10912 MB/s
[    3.569129] raid6: avx2x1   gen() 35698 MB/s
[    3.637203] raid6: avx2x2   gen() 32445 MB/s
[    3.705152] raid6: avx2x4   gen() 29858 MB/s
[    3.706154] raid6: using algorithm avx2x1 gen() 35698 MB/s
[    3.707272] raid6: using avx2x2 recovery algorithm
[    3.709761] xor: automatically using best checksumming function:
[    3.757223]    avx       : 22237.000 MB/sec
[    3.760555] async_tx: api initialized (async)
[    3.772813] md: raid6 personality registered for level 6
[    3.774558] md: raid5 personality registered for level 5
[    3.776389] md: raid4 personality registered for level 4
[    3.784340] md: raid10 personality registered for level 10
done.
Begin: Running /scripts/init-premount ... done.
Begin: Mounting root file system ... Begin: Running /scripts/local-top ... done.
Begin: Running /scripts/local-premount ... [    3.814244] Btrfs loaded
Scanning for Btrfs filesystems
done.
Warning: fsck not present, so skipping root file system
[    3.844068] EXT4-fs (sda1): INFO: recovery required on readonly filesystem
[    3.846091] EXT4-fs (sda1): write access will be enabled during recovery
[    3.870087] EXT4-fs (sda1): recovery complete
[    3.871361] EXT4-fs (sda1): mounted filesystem with ordered data mode. Opts: (null)
done.
Begin: Running /scripts/local-bottom ... done.
Begin: Running /scripts/init-bottom ... done.
[    3.936108] systemd[1]: systemd 229 running in system mode. (+PAM +AUDIT +SELINUX +IMA +APPARMOR +SMACK +SYSVINIT +UTMP +LIBCRYPTSETUP +GCRYPT +GNUTLS +ACL +XZ -LZ4 +SECCOMP +BLKID +ELFUTILS +KMOD -IDN)
[    3.941707] systemd[1]: Detected virtualization oracle.
[    3.943707] systemd[1]: Detected architecture x86-64.

Welcome to [1mUbuntu 16.04.7 LTS[0m!

[    3.947560] systemd[1]: Set hostname to <target>.
[    4.040427] systemd[1]: Set up automount Arbitrary Executable File Formats File System Automount Point.
[[0;32m  OK  [0m] Set up automount Arbitrary Executab...ats File System Automount Point.
[    4.043260] systemd[1]: Started Trigger resolvconf update for networkd DNS.
[[0;32m  OK  [0m] Started Trigger resolvconf update for networkd DNS.
[    4.046754] systemd[1]: Listening on fsck to fsckd communication Socket.
[[0;32m  OK  [0m] Listening on fsck to fsckd communication Socket.
[    4.051245] systemd[1]: Listening on Device-mapper event daemon FIFOs.
[[0;32m  OK  [0m] Listening on Device-mapper event daemon FIFOs.
[    4.056733] systemd[1]: Reached target Swap.
[[0;32m  OK  [0m] Reached target Swap.
[    4.062097] systemd[1]: Listening on Journal Audit Socket.
[[0;32m  OK  [0m] Listening on Journal Audit Socket.
[    4.066048] systemd[1]: Listening on udev Kernel Socket.
[[0;32m  OK  [0m] Listening on udev Kernel Socket.
[    4.069523] systemd[1]: Listening on LVM2 metadata daemon socket.
[[0;32m  OK  [0m] Listening on LVM2 metadata daemon socket.
[    4.073410] systemd[1]: Created slice System Slice.
[[0;32m  OK  [0m] Created slice System Slice.
[    4.076331] systemd[1]: Listening on Journal Socket.
[[0;32m  OK  [0m] Listening on Journal Socket.
[    4.089331] systemd[1]: Mounting POSIX Message Queue File System...
         Mounting POSIX Message Queue File System...
[    4.098226] systemd[1]: Starting Monitoring of LVM2 mirrors, snapshots etc. using dmeventd or progress polling...
         Starting Monitoring of LVM2 mirrors... dmeventd or progress polling...
[    4.102448] systemd[1]: Starting Create list of required static device nodes for the current kernel...
         Starting Create list of required st... nodes for the current kernel...
[    4.106749] systemd[1]: Reached target Encrypted Volumes.
[[0;32m  OK  [0m] Reached target Encrypted Volumes.
[    4.108678] systemd[1]: Started Forward Password Requests to Wall Directory Watch.
[[0;32m  OK  [0m] Started Forward Password Requests to Wall Directory Watch.
[    4.111947] systemd[1]: Listening on Journal Socket (/dev/log).
[[0;32m  OK  [0m] Listening on Journal Socket (/dev/log).
[    4.114303] systemd[1]: Starting Uncomplicated firewall...
         Starting Uncomplicated firewall...
[    4.117325] systemd[1]: Listening on LVM2 poll daemon socket.
[[0;32m  OK  [0m] Listening on LVM2 poll daemon socket.
[    4.119313] systemd[1]: Listening on udev Control Socket.
[[0;32m  OK  [0m] Listening on udev Control Socket.
[    4.123034] systemd[1]: Starting Load Kernel Modules...
         Starting Load Kernel Modules...
[    4.124623] systemd[1]: Listening on /dev/initctl Compatibility Named Pipe.
[[0;32m  OK  [0m] Listening on /dev/initctl Compatibility Named Pipe.
[    4.126545] systemd[1]: Reached target User and Group Name Lookups.
[[0;32m  OK  [0m] Reached target User and Group Name Lookups.
[    4.128108] systemd[1]: Listening on Syslog Socket.
[[0;32m  OK  [0m] Listening on Syslog Socket.
[    4.130098] Loading iSCSI transport class v2.0-870.
[    4.130152] systemd[1]: Starting Journal Service...
         Starting Journal Service...
[    4.132310] systemd[1]: Reached target System Time Synchronized.
[[0;32m  OK  [0m] Reached target System Time Synchronized.
[    4.143329] systemd[1]: Mounting Debug File System...
         Mounting Debug File System...
[    4.146286] iscsi: registered transport (tcp)
[    4.147717] systemd[1]: Starting File System Check on Root Device...
         Starting File System Check on Root Device...
[    4.150328] systemd[1]: Created slice system-serial\x2dgetty.slice.
[[0;32m  OK  [0m] Created slice system-serial\x2dgetty.slice.
[    4.153881] systemd[1]: Starting Nameserver information manager...
         Starting Nameserver information manager...
[    4.161707] systemd[1]: Created slice User and Session Slice.
[[0;32m  OK  [0m] Created slice User and Session Slice.
[    4.164839] systemd[1]: Reached target Slices.
[[0;32m  OK  [0m] Reached target Slices.
[    4.181431] systemd[1]: Starting Set console keymap...
         Starting Set console keymap...
[    4.185120] systemd[1]: Mounting Huge Pages File System...
         Mounting Huge Pages File System...
[    4.189955] systemd[1]: Mounted Huge Pages File System.
[[0;32m  OK  [0m] Mounted Huge Pages File System.
[    4.192121] systemd[1]: Mounted POSIX Message Queue File System.
[[0;32m  OK  [0m] Mounted POSIX Message Queue File System.
[    4.194410] systemd[1]: Mounted Debug File System.
[[0;32m  OK  [0m] Mounted Debug File System.
[    4.196618] systemd[1]: Started Journal Service.
[[0;32m  OK  [0m] Started Journal Service.
[[0;32m  OK  [0m] Started Create list of required sta...ce nodes for the current kernel.
[[0;32m  OK  [0m] Started Uncomplicated firewall.
[[0;32m  OK  [0m] Started File System Check on Root Device.
[[0;32m  OK  [0m] Started LVM2 metadata daemon.
[[0;32m  OK  [0m] Started File System Check Daemon to report status.
         Starting Remount Root and Kernel File Systems...
         Starting Create Static Device Nodes in /dev...
[[0;32m  OK  [0m] Started Nameserver information manager.
[    4.231635] iscsi: registered transport (iser)
[    4.236246] EXT4-fs (sda1): re-mounted. Opts: (null)
[[0;32m  OK  [0m] Started Load Kernel Modules.
         Mounting FUSE Control File System...
         Starting Apply Kernel Variables...
[[0;32m  OK  [0m] Mounted FUSE Control File System.
[[0;32m  OK  [0m] Started Set console keymap.
[[0;32m  OK  [0m] Started Remount Root and Kernel File Systems.
[[0;32m  OK  [0m] Started Create Static Device Nodes in /dev.
[[0;32m  OK  [0m] Started Apply Kernel Variables.
         Starting udev Kernel Device Manager...
         Starting Flush Journal to Persistent Storage...
         Starting Load/Save Random Seed...
         Starting udev Coldplug all Devices...
[[0;32m  OK  [0m] Started Load/Save Random Seed.
[[0;32m  OK  [0m] Started Flush Journal to Persistent Storage.
[[0;32m  OK  [0m] Started Monitoring of LVM2 mirrors,...ng dmeventd or progress polling.
[[0;32m  OK  [0m] Reached target Local File Systems (Pre).
[[0;32m  OK  [0m] Reached target Local File Systems.
         Starting Create Volatile Files and Directories...
         Starting Tell Plymouth To Write Out Runtime Data...
         Starting Set console font and keymap...
         Starting LSB: AppArmor initialization...
         Starting Initial cloud-init job (pre-networking)...
[[0;32m  OK  [0m] Started udev Kernel Device Manager.
[[0;32m  OK  [0m] Started Tell Plymouth To Write Out Runtime Data.
[[0;32m  OK  [0m] Started Create Volatile Files and Directories.
         Starting Update UTMP about System Boot/Shutdown...
[[0;32m  OK  [0m] Started Update UTMP about System Boot/Shutdown.
[[0;32m  OK  [0m] Started udev Coldplug all Devices.
[[0;32m  OK  [0m] Started Dispatch Password Requests to Console Directory Watch.
[[0;32m  OK  [0m] Started LSB: AppArmor initialization.
         Starting Load AppArmor profiles managed internally by snapd...
[[0;32m  OK  [0m] Started Load AppArmor profiles managed internally by snapd.
[[0;32m  OK  [0m] Found device /dev/ttyS0.
[[0;32m  OK  [0m] Listening on Load/Save RF Kill Switch Status /dev/rfkill Watch.
[[0;32m  OK  [0m] Found device 82540EM Gigabit Ethern...r (PRO/1000 MT Desktop Adapter).
[[0;32m  OK  [0m] Found device Virtio network device.
[    4.903014] cloud-init[504]: Cloud-init v. 21.1-19-gbad84ad4-0ubuntu1~16.04.2 running 'init-local' at Sat, 29 Apr 2023 18:26:42 +0000. Up 4.67 seconds.
[[0;32m  OK  [0m] Started Initial cloud-init job (pre-networking).
[[0;32m  OK  [0m] Reached target Network (Pre).
[[0;32m  OK  [0m] Started ifup for enp0s3.
         Starting Raise network interfaces...
[[0;32m  OK  [0m] Started ifup for enp0s8.
[[0;32m  OK  [0m] Started Set console font and keymap.
[[0;32m  OK  [0m] Created slice system-getty.slice.
[[0;32m  OK  [0m] Started Raise network interfaces.
[[0;32m  OK  [0m] Reached target Network.
         Starting Initial cloud-init job (metadata service crawler)...
[    5.654997] cloud-init[1088]: Cloud-init v. 21.1-19-gbad84ad4-0ubuntu1~16.04.2 running 'init' at Sat, 29 Apr 2023 18:26:43 +0000. Up 5.49 seconds.
[    5.656694] cloud-init[1088]: ci-info: ++++++++++++++++++++++++++++++++++++++Net device info+++++++++++++++++++++++++++++++++++++++
[    5.658820] cloud-init[1088]: ci-info: +--------+------+-----------------------------+---------------+--------+-------------------+
[    5.660501] cloud-init[1088]: ci-info: | Device |  Up  |           Address           |      Mask     | Scope  |     Hw-Address    |
[    5.661918] cloud-init[1088]: ci-info: +--------+------+-----------------------------+---------------+--------+-------------------+
[    5.663728] cloud-init[1088]: ci-info: | enp0s3 | True |          10.0.2.15          | 255.255.255.0 | global | 02:be:82:6b:cc:1d |
[    5.665702] cloud-init[1088]: ci-info: | enp0s3 | True |  fe80::be:82ff:fe6b:cc1d/64 |       .       |  link  | 02:be:82:6b:cc:1d |
[    5.667397] cloud-init[1088]: ci-info: | enp0s8 | True |         10.10.10.10         | 255.255.255.0 | global | 08:00:27:c0:6a:2f |
[    5.669146] cloud-init[1088]: ci-info: | enp0s8 | True | fe80::a00:27ff:fec0:6a2f/64 |       .       |  link  | 08:00:27:c0:6a:2f |
[    5.670513] cloud-init[1088]: ci-info: |   lo   | True |          127.0.0.1          |   255.0.0.0   |  host  |         .         |
[    5.671919] cloud-init[1088]: ci-info: |   lo   | True |           ::1/128           |       .       |  host  |         .         |
[    5.673442] cloud-init[1088]: ci-info: +--------+------+-----------------------------+---------------+--------+-------------------+
[    5.674835] cloud-init[1088]: ci-info: +++++++++++++++++++++++++++Route IPv4 info++++++++++++++++++++++++++++
[    5.676197] cloud-init[1088]: ci-info: +-------+-------------+----------+---------------+-----------+-------+
[    5.677756] cloud-init[1088]: ci-info: | Route | Destination | Gateway  |    Genmask    | Interface | Flags |
[    5.679408] cloud-init[1088]: ci-info: +-------+-------------+----------+---------------+-----------+-------+
[    5.680613] cloud-init[1088]: ci-info: |   0   |   0.0.0.0   | 10.0.2.2 |    0.0.0.0    |   enp0s3  |   UG  |
[    5.682326] cloud-init[1088]: ci-info: |   1   |   10.0.2.0  | 0.0.0.0  | 255.255.255.0 |   enp0s3  |   U   |
[    5.683610] cloud-init[1088]: ci-info: |   2   |  10.10.10.0 | 0.0.0.0  | 255.255.255.0 |   enp0s8  |   U   |
[    5.684977] cloud-init[1088]: ci-info: +-------+-------------+----------+---------------+-----------+-------+
[    5.686408] cloud-init[1088]: ci-info: +++++++++++++++++++Route IPv6 info+++++++++++++++++++
[    5.687739] cloud-init[1088]: ci-info: +-------+-------------+---------+-----------+-------+
[    5.689360] cloud-init[1088]: ci-info: | Route | Destination | Gateway | Interface | Flags |
[    5.690710] cloud-init[1088]: ci-info: +-------+-------------+---------+-----------+-------+
[    5.692283] cloud-init[1088]: ci-info: |   0   |  fe80::/64  |    ::   |   enp0s8  |   U   |
[    5.693661] cloud-init[1088]: ci-info: |   1   |  fe80::/64  |    ::   |   enp0s3  |   U   |
[    5.695090] cloud-init[1088]: ci-info: |   4   |   ff00::/8  |    ::   |   enp0s8  |   U   |
[    5.696644] cloud-init[1088]: ci-info: |   5   |   ff00::/8  |    ::   |   enp0s3  |   U   |
[    5.697958] cloud-init[1088]: ci-info: +-------+-------------+---------+-----------+-------+
[[0;32m  OK  [0m] Started Initial cloud-init job (metadata service crawler).
[[0;32m  OK  [0m] Reached target System Initialization.
[[0;32m  OK  [0m] Listening on ACPID Listen Socket.
         Starting LXD - unix socket.
[[0;32m  OK  [0m] Listening on UUID daemon activation socket.
         Starting Socket activation for snappy daemon.
[[0;32m  OK  [0m] Started ACPI Events Check.
[[0;32m  OK  [0m] Reached target Paths.
[[0;32m  OK  [0m] Started Message of the Day.
[[0;32m  OK  [0m] Started Ubuntu Advantage update messaging.
[[0;32m  OK  [0m] Started Daily Cleanup of Temporary Directories.
[[0;32m  OK  [0m] Listening on D-Bus System Message Bus Socket.
[[0;32m  OK  [0m] Started Daily apt download activities.
[[0;32m  OK  [0m] Started Daily apt upgrade and clean activities.
[[0;32m  OK  [0m] Reached target Timers.
[[0;32m  OK  [0m] Reached target Cloud-config availability.
[[0;32m  OK  [0m] Reached target Network is Online.
         Starting iSCSI initiator daemon (iscsid)...
[[0;32m  OK  [0m] Listening on LXD - unix socket.
[[0;32m  OK  [0m] Listening on Socket activation for snappy daemon.
[[0;32m  OK  [0m] Reached target Sockets.
[[0;32m  OK  [0m] Reached target Basic System.
[[0;32m  OK  [0m] Started Regular background program processing daemon.
[[0;32m  OK  [0m] Started FUSE filesystem for LXC.
         Starting /etc/rc.local Compatibility...
         Starting LSB: MD monitoring daemon...
         Starting Virtualbox guest utils...
[[0;32m  OK  [0m] Started ACPI event daemon.
         Starting Accounts Service...
[[0;32m  OK  [0m] Started D-Bus System Message Bus.
         Starting System Logging Service...
[[0;32m  OK  [0m] Started Deferred execution scheduler.
         Starting LSB: Record successful boot for GRUB...
         Starting Snap Daemon...
         Starting Login Service...
         Starting OpenBSD Secure Shell server...
         Starting LXD - container startup/shutdown...
[[0;32m  OK  [0m] Started /etc/rc.local Compatibility.
[[0;32m  OK  [0m] Started iSCSI initiator daemon (iscsid).
[[0;32m  OK  [0m] Started Login Service.
[[0;32m  OK  [0m] Started Unattended Upgrades Shutdown.
         Starting Login to default iSCSI targets...
         Starting Authenticate and Authorize Users to Run Privileged Tasks...
[[0;32m  OK  [0m] Started Login to default iSCSI targets.
[[0;32m  OK  [0m] Started OpenBSD Secure Shell server.
[[0;32m  OK  [0m] Reached target Remote File Systems (Pre).
[[0;32m  OK  [0m] Reached target Remote File Systems.
         Starting LSB: daemon to balance interrupts for SMP systems...
         Starting Permit User Sessions...
         Starting LSB: Set the CPU Frequency Scaling governor to "ondemand"...
         Starting LSB: automatic crash report generation...
[[0;32m  OK  [0m] Started Permit User Sessions.
         Starting Hold until boot process finishes up...
         Starting Terminate Plymouth Boot Screen...
[[0;32m  OK  [0m] Started Hold until boot process finishes up.
[[0;32m  OK  [0m] Started Getty on tty1.
[[0;32m  OK  [0m] Started Serial Getty on ttyS0.
[[0;32m  OK  [0m] Reached target Login Prompts.
         Starting Set console scheme...
[[0;32m  OK  [0m] Started Set console scheme.
[[0;32m  OK  [0m] Started Terminate Plymouth Boot Screen.
[[0;32m  OK  [0m] Started LSB: MD monitoring daemon.
[[0;32m  OK  [0m] Started Authenticate and Authorize Users to Run Privileged Tasks.
[[0;32m  OK  [0m] Started Accounts Service.
[[0;32m  OK  [0m] Started System Logging Service.
[[0;32m  OK  [0m] Started LSB: Set the CPU Frequency Scaling governor to "ondemand".
[[0;32m  OK  [0m] Started LSB: Record successful boot for GRUB.
[[0;32m  OK  [0m] Started LSB: automatic crash report generation.
[[0;32m  OK  [0m] Started LSB: daemon to balance interrupts for SMP systems.
[[0;32m  OK  [0m] Started LXD - container startup/shutdown.
[[0;32m  OK  [0m] Started Virtualbox guest utils.
[[0;32m  OK  [0m] Started Snap Daemon.
         Starting Wait until snapd is fully seeded...
[[0;32m  OK  [0m] Started Wait until snapd is fully seeded.
[[0;32m  OK  [0m] Reached target Multi-User System.
[[0;32m  OK  [0m] Reached target Graphical Interface.
         Starting Update UTMP about System Runlevel Changes...
         Starting Apply the settings specified in cloud-config...
[[0;32m  OK  [0m] Started Update UTMP about System Runlevel Changes.
[    6.477962] cloud-init[1344]: Cloud-init v. 21.1-19-gbad84ad4-0ubuntu1~16.04.2 running 'modules:config' at Sat, 29 Apr 2023 18:26:44 +0000. Up 6.37 seconds.
[[0;32m  OK  [0m] Started Apply the settings specified in cloud-config.
         Starting Execute cloud user/final scripts...
[    6.855646] cloud-init[1358]: Cloud-init v. 21.1-19-gbad84ad4-0ubuntu1~16.04.2 running 'modules:final' at Sat, 29 Apr 2023 18:26:44 +0000. Up 6.78 seconds.
[    6.857707] cloud-init[1358]: Cloud-init v. 21.1-19-gbad84ad4-0ubuntu1~16.04.2 finished at Sat, 29 Apr 2023 18:26:44 +0000. Datasource DataSourceNoCloud [seed=/dev/sdb][dsmode=net].  Up 6.85 seconds
[[0;32m  OK  [0m] Started Execute cloud user/final scripts.
[[0;32m  OK  [0m] Reached target Cloud-init target.

Ubuntu 16.04.7 LTS target ttyS0

target login: 